<?xml version="1.0" encoding="UTF-8"?>
<testng-results skipped="0" failed="0" total="1" passed="1">
  <reporter-output>
  </reporter-output>
  <suite name="Suite" duration-ms="34723" started-at="2021-02-09T06:42:44Z" finished-at="2021-02-09T06:43:18Z">
    <groups>
    </groups>
    <test name="Test" duration-ms="34723" started-at="2021-02-09T06:42:44Z" finished-at="2021-02-09T06:43:18Z">
      <class name="scripts.TestLogInPage">
        <test-method status="PASS" signature="Openbrowser(java.lang.String)[pri:0, instance:scripts.TestLogInPage@1fbc7afb]" name="Openbrowser" is-config="true" duration-ms="6245" started-at="2021-02-09T12:12:44Z" finished-at="2021-02-09T12:12:50Z">
          <params>
            <param index="0">
              <value>
                <![CDATA[chrome]]>
              </value>
            </param>
          </params>
          <reporter-output>
          </reporter-output>
        </test-method> <!-- Openbrowser -->
        <test-method status="PASS" signature="OpenApplication()[pri:0, instance:scripts.TestLogInPage@1fbc7afb]" name="OpenApplication" is-config="true" duration-ms="17710" started-at="2021-02-09T12:12:50Z" finished-at="2021-02-09T12:13:07Z">
          <reporter-output>
          </reporter-output>
        </test-method> <!-- OpenApplication -->
        <test-method status="PASS" signature="ValidLogInPage()[pri:0, instance:scripts.TestLogInPage@1fbc7afb]" name="ValidLogInPage" duration-ms="9626" started-at="2021-02-09T12:13:07Z" finished-at="2021-02-09T12:13:17Z">
          <reporter-output>
          </reporter-output>
        </test-method> <!-- ValidLogInPage -->
        <test-method status="PASS" signature="closebrowser()[pri:0, instance:scripts.TestLogInPage@1fbc7afb]" name="closebrowser" is-config="true" duration-ms="1122" started-at="2021-02-09T12:13:17Z" finished-at="2021-02-09T12:13:18Z">
          <reporter-output>
          </reporter-output>
        </test-method> <!-- closebrowser -->
      </class> <!-- scripts.TestLogInPage -->
    </test> <!-- Test -->
  </suite> <!-- Suite -->
</testng-results>
